d:\study_opengl\opengl_files\p_4\p_4\x64\debug\vc143.pdb
d:\study_opengl\opengl_files\p_4\p_4\x64\debug\vc143.idb
d:\study_opengl\opengl_files\p_4\p_4\x64\debug\imgui_impl_glfw.obj
d:\study_opengl\opengl_files\p_4\p_4\x64\debug\imgui_draw.obj
d:\study_opengl\opengl_files\p_4\p_4\x64\debug\imgui_demo.obj
d:\study_opengl\opengl_files\p_4\p_4\x64\debug\imgui.obj
d:\study_opengl\opengl_files\p_4\p_4\x64\debug\glm.obj
d:\study_opengl\opengl_files\p_4\p_4\x64\debug\texture.obj
d:\study_opengl\opengl_files\p_4\p_4\x64\debug\shader.obj
d:\study_opengl\opengl_files\p_4\p_4\x64\debug\renderer.obj
d:\study_opengl\opengl_files\p_4\p_4\x64\debug\torus.obj
d:\study_opengl\opengl_files\p_4\p_4\x64\debug\sphere.obj
d:\study_opengl\opengl_files\p_4\p_4\x64\debug\cube.obj
d:\study_opengl\opengl_files\p_4\p_4\x64\debug\move.obj
d:\study_opengl\opengl_files\p_4\p_4\x64\debug\matrix.obj
d:\study_opengl\opengl_files\p_4\p_4\x64\debug\lights.obj
d:\study_opengl\opengl_files\p_4\p_4\x64\debug\indexbuffer.obj
d:\study_opengl\opengl_files\p_4\p_4\x64\debug\importmodel.obj
d:\study_opengl\opengl_files\p_4\p_4\x64\debug\gui.obj
d:\study_opengl\opengl_files\p_4\p_4\x64\debug\batchrenderingmodels.obj
d:\study_opengl\opengl_files\p_4\p_4\x64\debug\shadowtexture.obj
d:\study_opengl\opengl_files\p_4\p_4\x64\debug\window.obj
d:\study_opengl\opengl_files\p_4\p_4\x64\debug\transform.obj
d:\study_opengl\opengl_files\p_4\p_4\x64\debug\vertexbuffer.obj
d:\study_opengl\opengl_files\p_4\p_4\x64\debug\std_image.obj
d:\study_opengl\opengl_files\p_4\p_4\x64\debug\imgui_widgets.obj
d:\study_opengl\opengl_files\p_4\p_4\x64\debug\imgui_tables.obj
d:\study_opengl\opengl_files\p_4\p_4\x64\debug\imgui_impl_opengl3.obj
d:\study_opengl\opengl_files\p_4\p_4\x64\debug\glm.cppm.ifc
d:\study_opengl\opengl_files\p_4\p_4\x64\debug\glm.cppm.ifc.d.json
d:\study_opengl\opengl_files\p_4\p_4\x64\debug\glm.cppm.obj
d:\study_opengl\opengl_files\p_4\p_4\x64\debug\glm.cppm.module.json
d:\study_opengl\opengl_files\p_4\p_4\x64\debug\p_4.tlog\cl.command.1.tlog
d:\study_opengl\opengl_files\p_4\p_4\x64\debug\p_4.tlog\cl.read.1.tlog
d:\study_opengl\opengl_files\p_4\p_4\x64\debug\p_4.tlog\cl.write.1.tlog
d:\study_opengl\opengl_files\p_4\p_4\x64\debug\p_4_md.tlog\cl.command.1.tlog
d:\study_opengl\opengl_files\p_4\p_4\x64\debug\p_4_md.tlog\microsoft.build.cpptasks.cl.read.1.tlog
d:\study_opengl\opengl_files\p_4\p_4\x64\debug\p_4_md.tlog\microsoft.build.cpptasks.cl.write.1.tlog
