  Scanning sources for module dependencies...
  App.cpp
D:\study_OpenGL\openGL_files\P_4\P_4\src\Object\Model.h(26,62): warning C4267: 'return': conversion from 'size_t' to 'int', possible loss of data
  (compiling source file 'src/App.cpp')
  
D:\study_OpenGL\openGL_files\P_4\P_4\src\Object\Model.h(27,60): warning C4267: 'return': conversion from 'size_t' to 'int', possible loss of data
  (compiling source file 'src/App.cpp')
  
D:\study_OpenGL\openGL_files\P_4\P_4\src\Object\BatchRenderingModels.h(32,84): warning C4267: 'return': conversion from 'size_t' to 'unsigned int', possible loss of data
  (compiling source file 'src/App.cpp')
  
D:\study_OpenGL\openGL_files\P_4\P_4\src\Object\BatchRenderingModels.h(33,82): warning C4267: 'return': conversion from 'size_t' to 'unsigned int', possible loss of data
  (compiling source file 'src/App.cpp')
  
D:\study_OpenGL\openGL_files\P_4\P_4\src\Object\Torus.h(20,61): warning C4244: 'return': conversion from 'double' to 'float', possible loss of data
  (compiling source file 'src/App.cpp')
  
D:\study_OpenGL\openGL_files\P_4\P_4\src\App.cpp(255,26): warning C4305: 'initializing': truncation from 'double' to 'float'
D:\study_OpenGL\openGL_files\P_4\P_4\src\App.cpp(255,35): warning C4305: 'initializing': truncation from 'double' to 'float'
D:\study_OpenGL\openGL_files\P_4\P_4\src\App.cpp(255,43): warning C4305: 'initializing': truncation from 'double' to 'float'
D:\study_OpenGL\openGL_files\P_4\P_4\src\App.cpp(256,26): warning C4305: 'initializing': truncation from 'double' to 'float'
D:\study_OpenGL\openGL_files\P_4\P_4\src\App.cpp(256,35): warning C4305: 'initializing': truncation from 'double' to 'float'
D:\study_OpenGL\openGL_files\P_4\P_4\src\App.cpp(256,44): warning C4305: 'initializing': truncation from 'double' to 'float'
D:\study_OpenGL\openGL_files\P_4\P_4\src\App.cpp(257,27): warning C4305: 'initializing': truncation from 'double' to 'float'
D:\study_OpenGL\openGL_files\P_4\P_4\src\App.cpp(257,37): warning C4305: 'initializing': truncation from 'double' to 'float'
D:\study_OpenGL\openGL_files\P_4\P_4\src\App.cpp(257,47): warning C4305: 'initializing': truncation from 'double' to 'float'
D:\study_OpenGL\openGL_files\P_4\P_4\src\App.cpp(258,21): warning C4305: 'initializing': truncation from 'double' to 'float'
D:\study_OpenGL\openGL_files\P_4\P_4\src\App.cpp(319,61): warning C4244: 'argument': conversion from 'int' to 'float', possible loss of data
D:\study_OpenGL\openGL_files\P_4\P_4\src\App.cpp(320,103): warning C4244: 'argument': conversion from 'int' to 'float', possible loss of data
D:\study_OpenGL\openGL_files\P_4\P_4\src\App.cpp(320,71): warning C4244: 'argument': conversion from 'int' to 'float', possible loss of data
  P_4.vcxproj -> D:\study_OpenGL\openGL_files\P_4\x64\Debug\P_4.exe
